<?xml version="1.0" encoding="UTF-8"?>
<!-- Generated by org.testng.reporters.JUnitXMLReporter -->
<testsuite hostname="Hemants-MacBook-Pro.local" name="Package with subpackages" tests="1" failures="1" timestamp="13 Dec 2015 19:22:45 GMT" time="103.175" errors="0">
  <testcase name="run_cukes" time="103.143" classname="com.automatika.runners.LogInFeatureRunner">
    <failure type="cucumber.runtime.CucumberException" message="java.lang.AssertionError: 
Expected: is &amp;quot;Find a Flight: Mercury Tours:&amp;quot;
     but: was &amp;quot;Sign-on: Mercury Tours&amp;quot;">
      <![CDATA[cucumber.runtime.CucumberException: java.lang.AssertionError: 
Expected: is "Find a Flight: Mercury Tours:"
     but: was "Sign-on: Mercury Tours"
	at cucumber.api.testng.TestNGCucumberRunner.runCukes(TestNGCucumberRunner.java:48)
	at cucumber.api.testng.AbstractTestNGCucumberTests.run_cukes(AbstractTestNGCucumberTests.java:14)
	at cucumber.api.testng.AbstractTestNGCucumberTests.run(AbstractTestNGCucumberTests.java:19)
	at java.util.concurrent.ThreadPoolExecutor.runWorker(ThreadPoolExecutor.java:1145)
	at java.util.concurrent.ThreadPoolExecutor$Worker.run(ThreadPoolExecutor.java:615)
	at java.lang.Thread.run(Thread.java:745)
Caused by: java.lang.AssertionError: 
Expected: is "Find a Flight: Mercury Tours:"
     but: was "Sign-on: Mercury Tours"
	at org.hamcrest.MatcherAssert.assertThat(MatcherAssert.java:20)
	at org.hamcrest.MatcherAssert.assertThat(MatcherAssert.java:8)
	at com.automatika.glue.StepDefinitions.home_page_displayed_successfully(StepDefinitions.java:58)
	at âœ½.Then Home Page Displayed Successfully with "Find a Flight: Mercury Tours:" Page Title(src/test/resources/features/LogIn.feature:8)
... Removed 12 stack frames]]>
    </failure>
  </testcase> <!-- run_cukes -->
</testsuite> <!-- Package with subpackages -->
