<html>
<head>
<title>TestNG:  Package with subpackages</title>
<link href="../testng.css" rel="stylesheet" type="text/css" />
<link href="../my-testng.css" rel="stylesheet" type="text/css" />

<style type="text/css">
.log { display: none;} 
.stack-trace { display: none;} 
</style>
<script type="text/javascript">
<!--
function flip(e) {
  current = e.style.display;
  if (current == 'block') {
    e.style.display = 'none';
    return 0;
  }
  else {
    e.style.display = 'block';
    return 1;
  }
}

function toggleBox(szDivId, elem, msg1, msg2)
{
  var res = -1;  if (document.getElementById) {
    res = flip(document.getElementById(szDivId));
  }
  else if (document.all) {
    // this is the way old msie versions work
    res = flip(document.all[szDivId]);
  }
  if(elem) {
    if(res == 0) elem.innerHTML = msg1; else elem.innerHTML = msg2;
  }

}

function toggleAllBoxes() {
  if (document.getElementsByTagName) {
    d = document.getElementsByTagName('div');
    for (i = 0; i < d.length; i++) {
      if (d[i].className == 'log') {
        flip(d[i]);
      }
    }
  }
}

// -->
</script>

</head>
<body>
<h2 align='center'>Package with subpackages</h2><table border='1' align="center">
<tr>
<td>Tests passed/Failed/Skipped:</td><td>0/1/0</td>
</tr><tr>
<td>Started on:</td><td>Mon Dec 14 00:51:01 IST 2015</td>
</tr>
<tr><td>Total time:</td><td>103 seconds (103175 ms)</td>
</tr><tr>
<td>Included groups:</td><td></td>
</tr><tr>
<td>Excluded groups:</td><td></td>
</tr>
</table><p/>
<small><i>(Hover the method name to see the test class name)</i></small><p/>
<table width='100%' border='1' class='invocation-failed'>
<tr><td colspan='4' align='center'><b>FAILED TESTS</b></td></tr>
<tr><td><b>Test method</b></td>
<td width="30%"><b>Exception</b></td>
<td width="10%"><b>Time (seconds)</b></td>
<td><b>Instance</b></td>
</tr>
<tr>
<td title='com.automatika.runners.LogInFeatureRunner.run_cukes()'><b>run_cukes</b><br>Test class: com.automatika.runners.LogInFeatureRunner<br>Test method: Runs Cucumber Features<br/>
<a href="#Output-2022705221" onClick='toggleBox("Output-2022705221", this, "Show output", "Hide output");'>Show output</a>

<a href="#Output-2022705221" onClick="toggleAllBoxes();">Show all outputs</a>
<div class='log' id="Output-2022705221">
<div "featureFile">Feature File: src&#x2F;test&#x2F;resources&#x2F;features&#x2F;LogIn.feature</div><br/>
<div "feature">Feature: Login Application</div><br/>
<div "scenarioOutline">Scenario Outline: Successful Login with Valid Credentials</div><br/>
<div "scenario">Scenario Outline: Successful Login with Valid Credentials</div><br/>
<div "result">Given  User is on Home Page (passed : 0s)</div><br/>
<div "result">When  User Navigate to LogIn Page (passed : 3s)</div><br/>
<div "result">And  User enters &lt;username&gt; and &lt;password&gt; (passed : 1s)</div><br/>
<div "result">Then  Home Page Displayed Successfully with &quot;Find a Flight: Mercury Tours:&quot; Page Title (passed : 0s)</div><br/>
<div "scenario">Scenario Outline: Successful Login with Valid Credentials</div><br/>
<div "result">Given  User is on Home Page (passed : 0s)</div><br/>
<div "result">When  User Navigate to LogIn Page (passed : 2s)</div><br/>
<div "result">And  User enters hemanto and 123123 (passed : 1s)</div><br/>
<div "result">Then  Home Page Displayed Successfully with &quot;Find a Flight: Mercury Tours:&quot; Page Title (failed : 0s)</div><br/>
</div>
</td>
<td><div><pre>cucumber.runtime.CucumberException: java.lang.AssertionError: 
Expected: is &quot;Find a Flight: Mercury Tours:&quot;
     but: was &quot;Sign-on: Mercury Tours&quot;
	at cucumber.api.testng.TestNGCucumberRunner.runCukes(TestNGCucumberRunner.java:48)
	at cucumber.api.testng.AbstractTestNGCucumberTests.run_cukes(AbstractTestNGCucumberTests.java:14)
	at cucumber.api.testng.AbstractTestNGCucumberTests.run(AbstractTestNGCucumberTests.java:19)
	at java.util.concurrent.ThreadPoolExecutor.runWorker(ThreadPoolExecutor.java:1145)
	at java.util.concurrent.ThreadPoolExecutor$Worker.run(ThreadPoolExecutor.java:615)
	at java.lang.Thread.run(Thread.java:745)
Caused by: java.lang.AssertionError: 
Expected: is &quot;Find a Flight: Mercury Tours:&quot;
     but: was &quot;Sign-on: Mercury Tours&quot;
	at org.hamcrest.MatcherAssert.assertThat(MatcherAssert.java:20)
	at org.hamcrest.MatcherAssert.assertThat(MatcherAssert.java:8)
	at com.automatika.glue.StepDefinitions.home_page_displayed_successfully(StepDefinitions.java:58)
	at ✽.Then Home Page Displayed Successfully with &quot;Find a Flight: Mercury Tours:&quot; Page Title(src/test/resources/features/LogIn.feature:8)
... Removed 12 stack frames</pre></div><a href='#' onClick='toggleBox("stack-trace2022705221", this, "Click to show all stack frames", "Click to hide stack frames")'>Click to show all stack frames</a>
<div class='stack-trace' id='stack-trace2022705221'><pre>cucumber.runtime.CucumberException: java.lang.AssertionError: 
Expected: is &quot;Find a Flight: Mercury Tours:&quot;
     but: was &quot;Sign-on: Mercury Tours&quot;
	at cucumber.api.testng.TestNGCucumberRunner.runCukes(TestNGCucumberRunner.java:48)
	at cucumber.api.testng.AbstractTestNGCucumberTests.run_cukes(AbstractTestNGCucumberTests.java:14)
	at sun.reflect.NativeMethodAccessorImpl.invoke0(Native Method)
	at sun.reflect.NativeMethodAccessorImpl.invoke(NativeMethodAccessorImpl.java:57)
	at sun.reflect.DelegatingMethodAccessorImpl.invoke(DelegatingMethodAccessorImpl.java:43)
	at java.lang.reflect.Method.invoke(Method.java:606)
	at org.testng.internal.MethodInvocationHelper.invokeMethod(MethodInvocationHelper.java:85)
	at org.testng.internal.MethodInvocationHelper$1.runTestMethod(MethodInvocationHelper.java:200)
	at cucumber.api.testng.AbstractTestNGCucumberTests.run(AbstractTestNGCucumberTests.java:19)
	at org.testng.internal.MethodInvocationHelper.invokeHookable(MethodInvocationHelper.java:212)
	at org.testng.internal.Invoker.invokeMethod(Invoker.java:689)
	at org.testng.internal.Invoker.invokeTestMethod(Invoker.java:882)
	at org.testng.internal.Invoker.invokeTestMethods(Invoker.java:1189)
	at org.testng.internal.TestMethodWorker.invokeTestMethods(TestMethodWorker.java:124)
	at org.testng.internal.TestMethodWorker.run(TestMethodWorker.java:108)
	at java.util.concurrent.ThreadPoolExecutor.runWorker(ThreadPoolExecutor.java:1145)
	at java.util.concurrent.ThreadPoolExecutor$Worker.run(ThreadPoolExecutor.java:615)
	at java.lang.Thread.run(Thread.java:745)
Caused by: java.lang.AssertionError: 
Expected: is &quot;Find a Flight: Mercury Tours:&quot;
     but: was &quot;Sign-on: Mercury Tours&quot;
	at org.hamcrest.MatcherAssert.assertThat(MatcherAssert.java:20)
	at org.hamcrest.MatcherAssert.assertThat(MatcherAssert.java:8)
	at com.automatika.glue.StepDefinitions.home_page_displayed_successfully(StepDefinitions.java:58)
	at ✽.Then Home Page Displayed Successfully with &quot;Find a Flight: Mercury Tours:&quot; Page Title(src/test/resources/features/LogIn.feature:8)
</pre></div></td>
<td>103</td>
<td>com.automatika.runners.LogInFeatureRunner@41d2a35d</td></tr>
</table><p>
</body>
</html>