<?xml version="1.0" encoding="UTF-8"?>
<testng-results skipped="0" failed="1" total="1" passed="0">
  <reporter-output>
    <line>
      <![CDATA[<div "featureFile">Feature File: src&#x2F;test&#x2F;resources&#x2F;features&#x2F;LogIn.feature</div>]]>
    </line>
    <line>
      <![CDATA[<div "feature">Feature: Login Application</div>]]>
    </line>
    <line>
      <![CDATA[<div "scenarioOutline">Scenario Outline: Successful Login with Valid Credentials</div>]]>
    </line>
    <line>
      <![CDATA[<div "scenario">Scenario Outline: Successful Login with Valid Credentials</div>]]>
    </line>
    <line>
      <![CDATA[<div "result">Given  User is on Home Page (passed : 0s)</div>]]>
    </line>
    <line>
      <![CDATA[<div "result">When  User Navigate to LogIn Page (passed : 3s)</div>]]>
    </line>
    <line>
      <![CDATA[<div "result">And  User enters &lt;username&gt; and &lt;password&gt; (passed : 1s)</div>]]>
    </line>
    <line>
      <![CDATA[<div "result">Then  Home Page Displayed Successfully with &quot;Find a Flight: Mercury Tours:&quot; Page Title (passed : 0s)</div>]]>
    </line>
    <line>
      <![CDATA[<div "scenario">Scenario Outline: Successful Login with Valid Credentials</div>]]>
    </line>
    <line>
      <![CDATA[<div "result">Given  User is on Home Page (passed : 0s)</div>]]>
    </line>
    <line>
      <![CDATA[<div "result">When  User Navigate to LogIn Page (passed : 2s)</div>]]>
    </line>
    <line>
      <![CDATA[<div "result">And  User enters hemanto and 123123 (passed : 1s)</div>]]>
    </line>
    <line>
      <![CDATA[<div "result">Then  Home Page Displayed Successfully with &quot;Find a Flight: Mercury Tours:&quot; Page Title (failed : 0s)</div>]]>
    </line>
  </reporter-output>
  <suite name="Test runner" duration-ms="103175" started-at="2015-12-13T19:21:01Z" finished-at="2015-12-13T19:22:45Z">
    <groups>
      <group name="cucumber">
        <method signature="AbstractTestNGCucumberTests.run_cukes()[pri:0, instance:com.automatika.runners.LogInFeatureRunner@41d2a35d]" name="run_cukes" class="cucumber.api.testng.AbstractTestNGCucumberTests"/>
      </group> <!-- cucumber -->
    </groups>
    <test name="Package with subpackages" duration-ms="103175" started-at="2015-12-13T19:21:01Z" finished-at="2015-12-13T19:22:45Z">
      <class name="com.automatika.runners.LogInFeatureRunner">
        <test-method status="FAIL" signature="run_cukes()[pri:0, instance:com.automatika.runners.LogInFeatureRunner@41d2a35d]" name="run_cukes" duration-ms="103143" started-at="2015-12-14T00:51:02Z" description="Runs Cucumber Features" finished-at="2015-12-14T00:52:45Z">
          <exception class="cucumber.runtime.CucumberException">
            <message>
              <![CDATA[java.lang.AssertionError: 
Expected: is "Find a Flight: Mercury Tours:"
     but: was "Sign-on: Mercury Tours"]]>
            </message>
            <full-stacktrace>
              <![CDATA[cucumber.runtime.CucumberException: java.lang.AssertionError: 
Expected: is "Find a Flight: Mercury Tours:"
     but: was "Sign-on: Mercury Tours"
	at cucumber.api.testng.TestNGCucumberRunner.runCukes(TestNGCucumberRunner.java:48)
	at cucumber.api.testng.AbstractTestNGCucumberTests.run_cukes(AbstractTestNGCucumberTests.java:14)
	at sun.reflect.NativeMethodAccessorImpl.invoke0(Native Method)
	at sun.reflect.NativeMethodAccessorImpl.invoke(NativeMethodAccessorImpl.java:57)
	at sun.reflect.DelegatingMethodAccessorImpl.invoke(DelegatingMethodAccessorImpl.java:43)
	at java.lang.reflect.Method.invoke(Method.java:606)
	at org.testng.internal.MethodInvocationHelper.invokeMethod(MethodInvocationHelper.java:85)
	at org.testng.internal.MethodInvocationHelper$1.runTestMethod(MethodInvocationHelper.java:200)
	at cucumber.api.testng.AbstractTestNGCucumberTests.run(AbstractTestNGCucumberTests.java:19)
	at org.testng.internal.MethodInvocationHelper.invokeHookable(MethodInvocationHelper.java:212)
	at org.testng.internal.Invoker.invokeMethod(Invoker.java:689)
	at org.testng.internal.Invoker.invokeTestMethod(Invoker.java:882)
	at org.testng.internal.Invoker.invokeTestMethods(Invoker.java:1189)
	at org.testng.internal.TestMethodWorker.invokeTestMethods(TestMethodWorker.java:124)
	at org.testng.internal.TestMethodWorker.run(TestMethodWorker.java:108)
	at java.util.concurrent.ThreadPoolExecutor.runWorker(ThreadPoolExecutor.java:1145)
	at java.util.concurrent.ThreadPoolExecutor$Worker.run(ThreadPoolExecutor.java:615)
	at java.lang.Thread.run(Thread.java:745)
Caused by: java.lang.AssertionError: 
Expected: is "Find a Flight: Mercury Tours:"
     but: was "Sign-on: Mercury Tours"
	at org.hamcrest.MatcherAssert.assertThat(MatcherAssert.java:20)
	at org.hamcrest.MatcherAssert.assertThat(MatcherAssert.java:8)
	at com.automatika.glue.StepDefinitions.home_page_displayed_successfully(StepDefinitions.java:58)
	at âœ½.Then Home Page Displayed Successfully with "Find a Flight: Mercury Tours:" Page Title(src/test/resources/features/LogIn.feature:8)
]]>
            </full-stacktrace>
          </exception> <!-- cucumber.runtime.CucumberException -->
          <reporter-output>
            <line>
              <![CDATA[<div "featureFile">Feature File: src&#x2F;test&#x2F;resources&#x2F;features&#x2F;LogIn.feature</div>]]>
            </line>
            <line>
              <![CDATA[<div "feature">Feature: Login Application</div>]]>
            </line>
            <line>
              <![CDATA[<div "scenarioOutline">Scenario Outline: Successful Login with Valid Credentials</div>]]>
            </line>
            <line>
              <![CDATA[<div "scenario">Scenario Outline: Successful Login with Valid Credentials</div>]]>
            </line>
            <line>
              <![CDATA[<div "result">Given  User is on Home Page (passed : 0s)</div>]]>
            </line>
            <line>
              <![CDATA[<div "result">When  User Navigate to LogIn Page (passed : 3s)</div>]]>
            </line>
            <line>
              <![CDATA[<div "result">And  User enters &lt;username&gt; and &lt;password&gt; (passed : 1s)</div>]]>
            </line>
            <line>
              <![CDATA[<div "result">Then  Home Page Displayed Successfully with &quot;Find a Flight: Mercury Tours:&quot; Page Title (passed : 0s)</div>]]>
            </line>
            <line>
              <![CDATA[<div "scenario">Scenario Outline: Successful Login with Valid Credentials</div>]]>
            </line>
            <line>
              <![CDATA[<div "result">Given  User is on Home Page (passed : 0s)</div>]]>
            </line>
            <line>
              <![CDATA[<div "result">When  User Navigate to LogIn Page (passed : 2s)</div>]]>
            </line>
            <line>
              <![CDATA[<div "result">And  User enters hemanto and 123123 (passed : 1s)</div>]]>
            </line>
            <line>
              <![CDATA[<div "result">Then  Home Page Displayed Successfully with &quot;Find a Flight: Mercury Tours:&quot; Page Title (failed : 0s)</div>]]>
            </line>
          </reporter-output>
        </test-method> <!-- run_cukes -->
      </class> <!-- com.automatika.runners.LogInFeatureRunner -->
    </test> <!-- Package with subpackages -->
  </suite> <!-- Test runner -->
</testng-results>
