<?xml version="1.0" encoding="UTF-8"?>
<!-- Generated by org.testng.reporters.JUnitReportReporter -->
<testsuite hostname="Hemants-MacBook-Pro.local" name="com.automatika.runners.LogInFeatureRunner" tests="1" failures="1" timestamp="13 Dec 2015 19:22:45 GMT" time="103.143" errors="0">
  <testcase name="run_cukes" time="103.143" classname="com.automatika.runners.LogInFeatureRunner">
    <failure type="cucumber.runtime.CucumberException" message="java.lang.AssertionError: 
Expected: is &quot;Find a Flight: Mercury Tours:&quot;
     but: was &quot;Sign-on: Mercury Tours&quot;">
      <![CDATA[cucumber.runtime.CucumberException: java.lang.AssertionError: 
Expected: is "Find a Flight: Mercury Tours:"
     but: was "Sign-on: Mercury Tours"
	at cucumber.api.testng.TestNGCucumberRunner.runCukes(TestNGCucumberRunner.java:48)
	at cucumber.api.testng.AbstractTestNGCucumberTests.run_cukes(AbstractTestNGCucumberTests.java:14)
	at sun.reflect.NativeMethodAccessorImpl.invoke0(Native Method)
	at sun.reflect.NativeMethodAccessorImpl.invoke(NativeMethodAccessorImpl.java:57)
	at sun.reflect.DelegatingMethodAccessorImpl.invoke(DelegatingMethodAccessorImpl.java:43)
	at java.lang.reflect.Method.invoke(Method.java:606)
	at org.testng.internal.MethodInvocationHelper.invokeMethod(MethodInvocationHelper.java:85)
	at org.testng.internal.MethodInvocationHelper$1.runTestMethod(MethodInvocationHelper.java:200)
	at cucumber.api.testng.AbstractTestNGCucumberTests.run(AbstractTestNGCucumberTests.java:19)
	at org.testng.internal.MethodInvocationHelper.invokeHookable(MethodInvocationHelper.java:212)
	at org.testng.internal.Invoker.invokeMethod(Invoker.java:689)
	at org.testng.internal.Invoker.invokeTestMethod(Invoker.java:882)
	at org.testng.internal.Invoker.invokeTestMethods(Invoker.java:1189)
	at org.testng.internal.TestMethodWorker.invokeTestMethods(TestMethodWorker.java:124)
	at org.testng.internal.TestMethodWorker.run(TestMethodWorker.java:108)
	at java.util.concurrent.ThreadPoolExecutor.runWorker(ThreadPoolExecutor.java:1145)
	at java.util.concurrent.ThreadPoolExecutor$Worker.run(ThreadPoolExecutor.java:615)
	at java.lang.Thread.run(Thread.java:745)
Caused by: java.lang.AssertionError: 
Expected: is "Find a Flight: Mercury Tours:"
     but: was "Sign-on: Mercury Tours"
	at org.hamcrest.MatcherAssert.assertThat(MatcherAssert.java:20)
	at org.hamcrest.MatcherAssert.assertThat(MatcherAssert.java:8)
	at com.automatika.glue.StepDefinitions.home_page_displayed_successfully(StepDefinitions.java:58)
	at âœ½.Then Home Page Displayed Successfully with "Find a Flight: Mercury Tours:" Page Title(src/test/resources/features/LogIn.feature:8)
]]>
    </failure>
  </testcase> <!-- run_cukes -->
</testsuite> <!-- com.automatika.runners.LogInFeatureRunner -->
